<?xml version="1.0" encoding="UTF-8"?>
<testng-results ignored="0" total="1" passed="1" failed="0" skipped="0">
  <reporter-output>
  </reporter-output>
  <suite started-at="2022-12-15T15:32:00 IST" name="Default suite" finished-at="2022-12-15T15:32:05 IST" duration-ms="4955">
    <groups>
    </groups>
    <test started-at="2022-12-15T15:32:00 IST" name="Default test" finished-at="2022-12-15T15:32:05 IST" duration-ms="4955">
      <class name="test.TestsExamples">
        <test-method signature="test_1()[pri:0, instance:test.TestsExamples@6e0f5f7f]" started-at="2022-12-15T15:32:00 IST" name="test_1" finished-at="2022-12-15T15:32:05 IST" duration-ms="4742" status="PASS">
          <reporter-output>
          </reporter-output>
        </test-method> <!-- test_1 -->
      </class> <!-- test.TestsExamples -->
    </test> <!-- Default test -->
  </suite> <!-- Default suite -->
</testng-results>
